Using pre-set license
Built from '2020.3/staging' branch; Version is '2020.3.3f1 (76626098c1c4) revision 7758432'; Using compiler version '192528614'; Build Type 'Release'
OS: 'Windows 10 Pro; OS build 19042.1415; Version 2009; 64bit' Language: 'ru' Physical Memory: 16264 MB
BatchMode: 1, IsHumanControllingUs: 0, StartBugReporterOnCrash: 0, Is64bit: 1, IsPro: 0

 COMMAND LINE ARGUMENTS:
D:\Unity\2020.3.3f1\Editor\Unity.exe
-adb2
-batchMode
-noUpm
-name
AssetImportWorker1
-projectPath
D:/Git Repository/ECS Test1
-logFile
Logs/AssetImportWorker1.log
-srvPort
49964
Successfully changed project path to: D:/Git Repository/ECS Test1
D:/Git Repository/ECS Test1
Using Asset Import Pipeline V2.
Refreshing native plugins compatible for Editor in 33.04 ms, found 1 plugins.
Preloading 0 native plugins for Editor in 0.00 ms.
Initialize engine version: 2020.3.3f1 (76626098c1c4)
[Subsystems] Discovering subsystems at path D:/Unity/2020.3.3f1/Editor/Data/Resources/UnitySubsystems
[Subsystems] Discovering subsystems at path D:/Git Repository/ECS Test1/Assets
GfxDevice: creating device client; threaded=0
Direct3D:
    Version:  Direct3D 11.0 [level 11.1]
    Renderer: NVIDIA GeForce GTX 1050 (ID=0x1c91)
    Vendor:   
    VRAM:     2996 MB
    Driver:   27.21.14.5749
Initialize mono
Mono path[0] = 'D:/Unity/2020.3.3f1/Editor/Data/Managed'
Mono path[1] = 'D:/Unity/2020.3.3f1/Editor/Data/MonoBleedingEdge/lib/mono/unityjit'
Mono config path = 'D:/Unity/2020.3.3f1/Editor/Data/MonoBleedingEdge/etc'
Using monoOptions --debugger-agent=transport=dt_socket,embedding=1,server=y,suspend=n,address=127.0.0.1:56920
Begin MonoManager ReloadAssembly
Registering precompiled unity dll's ...
Register platform support module: D:/Unity/2020.3.3f1/Editor/Data/PlaybackEngines/WindowsStandaloneSupport/UnityEditor.WindowsStandalone.Extensions.dll
Registered in 0.000998 seconds.
Native extension for WindowsStandalone target not found
Refreshing native plugins compatible for Editor in 56.04 ms, found 1 plugins.
Preloading 0 native plugins for Editor in 0.00 ms.
Invoked RoslynAnalysisRunner static constructor.
RoslynAnalysisRunner will not be running.
RoslynAnalysisRunner has terminated.
Mono: successfully reloaded assembly
- Completed reload, in  1.719 seconds
Platform modules already initialized, skipping
Registering precompiled user dll's ...
Registered in 0.000690 seconds.
Begin MonoManager ReloadAssembly
Native extension for WindowsStandalone target not found
Refreshing native plugins compatible for Editor in 34.28 ms, found 1 plugins.
Preloading 0 native plugins for Editor in 0.00 ms.
Invoked RoslynAnalysisRunner static constructor.
RoslynAnalysisRunner will not be running.
RoslynAnalysisRunner has terminated.
Mono: successfully reloaded assembly
- Completed reload, in  0.889 seconds
Platform modules already initialized, skipping
========================================================================
Worker process is ready to serve import requests
Launched and connected shader compiler UnityShaderCompiler.exe after 0.05 seconds
Refreshing native plugins compatible for Editor in 0.32 ms, found 1 plugins.
Preloading 0 native plugins for Editor in 0.00 ms.
Unloading 1822 Unused Serialized files (Serialized files now loaded: 0)
System memory in use before: 85.3 MB.
System memory in use after: 85.2 MB.

Unloading 24 unused Assets to reduce memory usage. Loaded Objects now: 2264.
Total: 2.433400 ms (FindLiveObjects: 0.306900 ms CreateObjectMapping: 0.180700 ms MarkObjects: 1.815400 ms  DeleteObjects: 0.128100 ms)

========================================================================
Received Import Request.
  path: Assets/Scripts/Game.cs
  artifactKey: Guid(7297a51cc10359d47a617e57c29e73d4) Importer(815301076,1909f56bfc062723c751e8b465ee728b)
Start importing Assets/Scripts/Game.cs using Guid(7297a51cc10359d47a617e57c29e73d4) Importer(815301076,1909f56bfc062723c751e8b465ee728b)  -> (artifact id: 'aca255fbb82125fc71d735bab45f8cbc') in 0.020827 seconds
  Import took 0.024064 seconds .

========================================================================
Received Import Request.
  Time since last request: 0.000335 seconds.
  path: Assets/Scripts
  artifactKey: Guid(3d8238c1c74247b39512ebb40f4a19b5) Importer(815301076,1909f56bfc062723c751e8b465ee728b)
Start importing Assets/Scripts using Guid(3d8238c1c74247b39512ebb40f4a19b5) Importer(815301076,1909f56bfc062723c751e8b465ee728b)  -> (artifact id: '88dfac3851146469d175a72d80150f19') in 0.001290 seconds
  Import took 0.003811 seconds .

========================================================================
Received Import Request.
  Time since last request: 8.667700 seconds.
  path: Assets/Scripts/Components
  artifactKey: Guid(11e0972334008af46bbd4eb48979eb29) Importer(815301076,1909f56bfc062723c751e8b465ee728b)
Start importing Assets/Scripts/Components using Guid(11e0972334008af46bbd4eb48979eb29) Importer(815301076,1909f56bfc062723c751e8b465ee728b)  -> (artifact id: 'dbce80e0267c9ffb75cedb94e4752736') in 0.001350 seconds
  Import took 0.004278 seconds .

========================================================================
Received Import Request.
  Time since last request: 1.249287 seconds.
  path: Assets/Scripts/AnimationComponent.cs
  artifactKey: Guid(e1b82dd8885e494bb0528c11b6b41f5a) Importer(815301076,1909f56bfc062723c751e8b465ee728b)
Start importing Assets/Scripts/AnimationComponent.cs using Guid(e1b82dd8885e494bb0528c11b6b41f5a) Importer(815301076,1909f56bfc062723c751e8b465ee728b)  -> (artifact id: '96df138602cb40a042add90207d6fe54') in 0.002971 seconds
  Import took 0.005718 seconds .

========================================================================
Received Import Request.
  Time since last request: 0.001202 seconds.
  path: Assets/Scripts/AnimationComponent.cs
  artifactKey: Guid(e1b82dd8885e494bb0528c11b6b41f5a) Importer(815301076,1909f56bfc062723c751e8b465ee728b)
Start importing Assets/Scripts/AnimationComponent.cs using Guid(e1b82dd8885e494bb0528c11b6b41f5a) Importer(815301076,1909f56bfc062723c751e8b465ee728b)  -> (artifact id: '96df138602cb40a042add90207d6fe54') in 0.001625 seconds
  Import took 0.004408 seconds .

========================================================================
Received Prepare
Registering precompiled user dll's ...
Registered in 0.000709 seconds.
Begin MonoManager ReloadAssembly
Native extension for WindowsStandalone target not found
Refreshing native plugins compatible for Editor in 0.33 ms, found 1 plugins.
Preloading 0 native plugins for Editor in 0.00 ms.
Invoked RoslynAnalysisRunner static constructor.
RoslynAnalysisRunner will not be running.
RoslynAnalysisRunner has terminated.
Mono: successfully reloaded assembly
- Completed reload, in  0.879 seconds
Platform modules already initialized, skipping
Refreshing native plugins compatible for Editor in 0.34 ms, found 1 plugins.
Preloading 0 native plugins for Editor in 0.00 ms.
Unloading 1817 Unused Serialized files (Serialized files now loaded: 0)
System memory in use before: 85.2 MB.
System memory in use after: 85.2 MB.

Unloading 12 unused Assets to reduce memory usage. Loaded Objects now: 2268.
Total: 2.209600 ms (FindLiveObjects: 0.293800 ms CreateObjectMapping: 0.081600 ms MarkObjects: 1.737400 ms  DeleteObjects: 0.095300 ms)

========================================================================
Received Import Request.
  Time since last request: 7.699469 seconds.
  path: Assets/Scripts/InputComponent.cs
  artifactKey: Guid(4ed1c6c3e5434f6c9b60794566921a71) Importer(815301076,1909f56bfc062723c751e8b465ee728b)
Start importing Assets/Scripts/InputComponent.cs using Guid(4ed1c6c3e5434f6c9b60794566921a71) Importer(815301076,1909f56bfc062723c751e8b465ee728b)  -> (artifact id: '2361c8a231dd6bc0034c3a7f216a800b') in 0.003399 seconds
  Import took 0.005934 seconds .

========================================================================
Received Prepare
Registering precompiled user dll's ...
Registered in 0.000987 seconds.
Begin MonoManager ReloadAssembly
Native extension for WindowsStandalone target not found
Refreshing native plugins compatible for Editor in 0.47 ms, found 1 plugins.
Preloading 0 native plugins for Editor in 0.00 ms.
Invoked RoslynAnalysisRunner static constructor.
RoslynAnalysisRunner will not be running.
RoslynAnalysisRunner has terminated.
Mono: successfully reloaded assembly
- Completed reload, in  0.880 seconds
Platform modules already initialized, skipping
Refreshing native plugins compatible for Editor in 0.36 ms, found 1 plugins.
Preloading 0 native plugins for Editor in 0.00 ms.
Unloading 1817 Unused Serialized files (Serialized files now loaded: 0)
System memory in use before: 85.2 MB.
System memory in use after: 85.2 MB.

Unloading 12 unused Assets to reduce memory usage. Loaded Objects now: 2272.
Total: 2.048500 ms (FindLiveObjects: 0.155600 ms CreateObjectMapping: 0.054300 ms MarkObjects: 1.742400 ms  DeleteObjects: 0.095500 ms)

========================================================================
Received Import Request.
  Time since last request: 7.125249 seconds.
  path: Assets/Scripts/MoveComponent.cs
  artifactKey: Guid(ee2334435bfc472eba208f8047620aa3) Importer(815301076,1909f56bfc062723c751e8b465ee728b)
Start importing Assets/Scripts/MoveComponent.cs using Guid(ee2334435bfc472eba208f8047620aa3) Importer(815301076,1909f56bfc062723c751e8b465ee728b)  -> (artifact id: '73cb21aed2e81a1305627b67a7945b7a') in 0.003334 seconds
  Import took 0.005959 seconds .

========================================================================
Received Prepare
Registering precompiled user dll's ...
Registered in 0.000769 seconds.
Begin MonoManager ReloadAssembly
Native extension for WindowsStandalone target not found
Refreshing native plugins compatible for Editor in 0.33 ms, found 1 plugins.
Preloading 0 native plugins for Editor in 0.00 ms.
Invoked RoslynAnalysisRunner static constructor.
RoslynAnalysisRunner will not be running.
RoslynAnalysisRunner has terminated.
Mono: successfully reloaded assembly
- Completed reload, in  0.901 seconds
Platform modules already initialized, skipping
Refreshing native plugins compatible for Editor in 0.32 ms, found 1 plugins.
Preloading 0 native plugins for Editor in 0.00 ms.
Unloading 1817 Unused Serialized files (Serialized files now loaded: 0)
System memory in use before: 85.3 MB.
System memory in use after: 85.2 MB.

Unloading 12 unused Assets to reduce memory usage. Loaded Objects now: 2276.
Total: 2.128500 ms (FindLiveObjects: 0.227500 ms CreateObjectMapping: 0.091500 ms MarkObjects: 1.707700 ms  DeleteObjects: 0.100600 ms)

========================================================================
Received Import Request.
  Time since last request: 10.537196 seconds.
  path: Assets/Scripts/PlayerAnimationSystem.cs
  artifactKey: Guid(fbf636fabd3446a692c617e4ed90f98a) Importer(815301076,1909f56bfc062723c751e8b465ee728b)
Start importing Assets/Scripts/PlayerAnimationSystem.cs using Guid(fbf636fabd3446a692c617e4ed90f98a) Importer(815301076,1909f56bfc062723c751e8b465ee728b)  -> (artifact id: '4dce51d955e115c7acbba48d034d8b67') in 0.003385 seconds
  Import took 0.005971 seconds .

========================================================================
Received Import Request.
  Time since last request: 6.947625 seconds.
  path: Assets/Scripts/Systems
  artifactKey: Guid(02ef4bd7ded48a6408c72467bc28181c) Importer(815301076,1909f56bfc062723c751e8b465ee728b)
Start importing Assets/Scripts/Systems using Guid(02ef4bd7ded48a6408c72467bc28181c) Importer(815301076,1909f56bfc062723c751e8b465ee728b)  -> (artifact id: '955643876559718e9049df27ade3dd4a') in 0.001296 seconds
  Import took 0.004348 seconds .

========================================================================
Received Prepare
Registering precompiled user dll's ...
Registered in 0.000700 seconds.
Begin MonoManager ReloadAssembly
Native extension for WindowsStandalone target not found
Refreshing native plugins compatible for Editor in 0.33 ms, found 1 plugins.
Preloading 0 native plugins for Editor in 0.00 ms.
Invoked RoslynAnalysisRunner static constructor.
RoslynAnalysisRunner will not be running.
RoslynAnalysisRunner has terminated.
Mono: successfully reloaded assembly
- Completed reload, in  0.874 seconds
Platform modules already initialized, skipping
Refreshing native plugins compatible for Editor in 0.33 ms, found 1 plugins.
Preloading 0 native plugins for Editor in 0.00 ms.
Unloading 1817 Unused Serialized files (Serialized files now loaded: 0)
System memory in use before: 85.3 MB.
System memory in use after: 85.3 MB.

Unloading 12 unused Assets to reduce memory usage. Loaded Objects now: 2280.
Total: 2.445900 ms (FindLiveObjects: 0.264500 ms CreateObjectMapping: 0.079100 ms MarkObjects: 1.980400 ms  DeleteObjects: 0.120700 ms)

========================================================================
Received Import Request.
  Time since last request: 9.336387 seconds.
  path: Assets/Scripts/PlayerInputSystem.cs
  artifactKey: Guid(e6c77ad3b0bd4cfdb0875b9ac46bc0d0) Importer(815301076,1909f56bfc062723c751e8b465ee728b)
Start importing Assets/Scripts/PlayerInputSystem.cs using Guid(e6c77ad3b0bd4cfdb0875b9ac46bc0d0) Importer(815301076,1909f56bfc062723c751e8b465ee728b)  -> (artifact id: '80879e98b7deb8823b28b90697fabc64') in 0.003606 seconds
  Import took 0.006170 seconds .

========================================================================
Received Prepare
Registering precompiled user dll's ...
Registered in 0.000689 seconds.
Begin MonoManager ReloadAssembly
Native extension for WindowsStandalone target not found
Refreshing native plugins compatible for Editor in 0.34 ms, found 1 plugins.
Preloading 0 native plugins for Editor in 0.00 ms.
Invoked RoslynAnalysisRunner static constructor.
RoslynAnalysisRunner will not be running.
RoslynAnalysisRunner has terminated.
Mono: successfully reloaded assembly
- Completed reload, in  0.853 seconds
Platform modules already initialized, skipping
Refreshing native plugins compatible for Editor in 0.35 ms, found 1 plugins.
Preloading 0 native plugins for Editor in 0.00 ms.
Unloading 1817 Unused Serialized files (Serialized files now loaded: 0)
System memory in use before: 85.3 MB.
System memory in use after: 85.3 MB.

Unloading 12 unused Assets to reduce memory usage. Loaded Objects now: 2284.
Total: 2.421100 ms (FindLiveObjects: 0.331100 ms CreateObjectMapping: 0.111400 ms MarkObjects: 1.857600 ms  DeleteObjects: 0.119300 ms)

========================================================================
Received Import Request.
  Time since last request: 7.892519 seconds.
  path: Assets/Scripts/PlayerMoveSystem.cs
  artifactKey: Guid(20225b4a6b904bb496970c6555d7e52b) Importer(815301076,1909f56bfc062723c751e8b465ee728b)
Start importing Assets/Scripts/PlayerMoveSystem.cs using Guid(20225b4a6b904bb496970c6555d7e52b) Importer(815301076,1909f56bfc062723c751e8b465ee728b)  -> (artifact id: '86e7cfa07d4bd9f32774337383c558c5') in 0.003458 seconds
  Import took 0.006002 seconds .

========================================================================
Received Prepare
Registering precompiled user dll's ...
Registered in 0.000715 seconds.
Begin MonoManager ReloadAssembly
Native extension for WindowsStandalone target not found
Refreshing native plugins compatible for Editor in 0.33 ms, found 1 plugins.
Preloading 0 native plugins for Editor in 0.00 ms.
Invoked RoslynAnalysisRunner static constructor.
RoslynAnalysisRunner will not be running.
RoslynAnalysisRunner has terminated.
Mono: successfully reloaded assembly
- Completed reload, in  0.855 seconds
Platform modules already initialized, skipping
Refreshing native plugins compatible for Editor in 0.33 ms, found 1 plugins.
Preloading 0 native plugins for Editor in 0.00 ms.
Unloading 1817 Unused Serialized files (Serialized files now loaded: 0)
System memory in use before: 85.4 MB.
System memory in use after: 85.3 MB.

Unloading 12 unused Assets to reduce memory usage. Loaded Objects now: 2288.
Total: 2.197500 ms (FindLiveObjects: 0.220000 ms CreateObjectMapping: 0.088200 ms MarkObjects: 1.781300 ms  DeleteObjects: 0.106800 ms)

========================================================================
Received Import Request.
  Time since last request: 6.745562 seconds.
  path: Assets/Scripts/SceneInitSystem.cs
  artifactKey: Guid(af2538976b6842e28ec11e9598c22e08) Importer(815301076,1909f56bfc062723c751e8b465ee728b)
Start importing Assets/Scripts/SceneInitSystem.cs using Guid(af2538976b6842e28ec11e9598c22e08) Importer(815301076,1909f56bfc062723c751e8b465ee728b)  -> (artifact id: 'c16607079c079eb6044f63df0ca72ab6') in 0.003390 seconds
  Import took 0.006072 seconds .

========================================================================
Received Prepare
Registering precompiled user dll's ...
Registered in 0.000682 seconds.
Begin MonoManager ReloadAssembly
Native extension for WindowsStandalone target not found
Refreshing native plugins compatible for Editor in 0.32 ms, found 1 plugins.
Preloading 0 native plugins for Editor in 0.00 ms.
Invoked RoslynAnalysisRunner static constructor.
RoslynAnalysisRunner will not be running.
RoslynAnalysisRunner has terminated.
Mono: successfully reloaded assembly
- Completed reload, in  0.872 seconds
Platform modules already initialized, skipping
Refreshing native plugins compatible for Editor in 0.33 ms, found 1 plugins.
Preloading 0 native plugins for Editor in 0.00 ms.
Unloading 1817 Unused Serialized files (Serialized files now loaded: 0)
System memory in use before: 85.4 MB.
System memory in use after: 85.3 MB.

Unloading 12 unused Assets to reduce memory usage. Loaded Objects now: 2292.
Total: 2.620500 ms (FindLiveObjects: 0.328100 ms CreateObjectMapping: 0.193700 ms MarkObjects: 1.994700 ms  DeleteObjects: 0.102600 ms)

